# JRE version: OpenJDK Runtime Environment (11.0.13) (build 11.0.13+0-b1751.21-8125866)
# Java VM: OpenJDK 64-Bit Server VM (11.0.13+0-b1751.21-8125866, mixed mode, tiered, compressed oops, g1 gc, windows-amd64)
Heap:
 garbage-first heap   total 157696K, used 68778K [0x0000000080000000, 0x0000000100000000)
  region size 1024K, 17 young (17408K), 11 survivors (11264K)
 Metaspace       used 77469K, capacity 79724K, committed 80080K, reserved 585728K
  class space    used 10040K, capacity 11012K, committed 11136K, reserved 516096K
GC Heap History (20 events):
Event: 7.887 GC heap before
{Heap before GC invocations=6 (full 0):
 garbage-first heap   total 131072K, used 68798K [0x0000000080000000, 0x0000000100000000)
  region size 1024K, 52 young (53248K), 2 survivors (2048K)
 Metaspace       used 25976K, capacity 26522K, committed 26800K, reserved 540672K
  class space    used 3343K, capacity 3554K, committed 3584K, reserved 516096K
}
Event: 7.899 GC heap after
{Heap after GC invocations=7 (full 0):
 garbage-first heap   total 157696K, used 19151K [0x0000000080000000, 0x0000000100000000)
  region size 1024K, 3 young (3072K), 3 survivors (3072K)
 Metaspace       used 25976K, capacity 26522K, committed 26800K, reserved 540672K
  class space    used 3343K, capacity 3554K, committed 3584K, reserved 516096K
}
Event: 10.265 GC heap before
{Heap before GC invocations=7 (full 0):
 garbage-first heap   total 157696K, used 86735K [0x0000000080000000, 0x0000000100000000)
  region size 1024K, 70 young (71680K), 3 survivors (3072K)
 Metaspace       used 35022K, capacity 35803K, committed 35920K, reserved 548864K
  class space    used 4484K, capacity 4823K, committed 4864K, reserved 516096K
}
Event: 10.281 GC heap after
{Heap after GC invocations=8 (full 0):
 garbage-first heap   total 157696K, used 22541K [0x0000000080000000, 0x0000000100000000)
  region size 1024K, 7 young (7168K), 7 survivors (7168K)
 Metaspace       used 35022K, capacity 35803K, committed 35920K, reserved 548864K
  class space    used 4484K, capacity 4823K, committed 4864K, reserved 516096K
}
Event: 69.789 GC heap before
{Heap before GC invocations=9 (full 0):
 garbage-first heap   total 157696K, used 100365K [0x0000000080000000, 0x0000000100000000)
  region size 1024K, 81 young (82944K), 7 survivors (7168K)
 Metaspace       used 40925K, capacity 41984K, committed 42320K, reserved 552960K
  class space    used 5140K, capacity 5536K, committed 5632K, reserved 516096K
}
Event: 69.817 GC heap after
{Heap after GC invocations=10 (full 0):
 garbage-first heap   total 157696K, used 28370K [0x0000000080000000, 0x0000000100000000)
  region size 1024K, 11 young (11264K), 11 survivors (11264K)
 Metaspace       used 40925K, capacity 41984K, committed 42320K, reserved 552960K
  class space    used 5140K, capacity 5536K, committed 5632K, reserved 516096K
}
Event: 73.329 GC heap before
{Heap before GC invocations=10 (full 0):
 garbage-first heap   total 157696K, used 111314K [0x0000000080000000, 0x0000000100000000)
  region size 1024K, 92 young (94208K), 11 survivors (11264K)
 Metaspace       used 46865K, capacity 48115K, committed 48336K, reserved 559104K
  class space    used 5987K, capacity 6478K, committed 6528K, reserved 516096K
}
Event: 73.357 GC heap after
{Heap after GC invocations=11 (full 0):
 garbage-first heap   total 157696K, used 31260K [0x0000000080000000, 0x0000000100000000)
  region size 1024K, 9 young (9216K), 9 survivors (9216K)
 Metaspace       used 46865K, capacity 48115K, committed 48336K, reserved 559104K
  class space    used 5987K, capacity 6478K, committed 6528K, reserved 516096K
}
Event: 80.017 GC heap before
{Heap before GC invocations=11 (full 0):
 garbage-first heap   total 157696K, used 115228K [0x0000000080000000, 0x0000000100000000)
  region size 1024K, 92 young (94208K), 9 survivors (9216K)
 Metaspace       used 56738K, capacity 58177K, committed 58448K, reserved 567296K
  class space    used 7262K, capacity 7839K, committed 7936K, reserved 516096K
}
Event: 80.042 GC heap after
{Heap after GC invocations=12 (full 0):
 garbage-first heap   total 157696K, used 35152K [0x0000000080000000, 0x0000000100000000)
  region size 1024K, 8 young (8192K), 8 survivors (8192K)
 Metaspace       used 56738K, capacity 58177K, committed 58448K, reserved 567296K
  class space    used 7262K, capacity 7839K, committed 7936K, reserved 516096K
}
Event: 82.069 GC heap before
{Heap before GC invocations=12 (full 0):
 garbage-first heap   total 157696K, used 62800K [0x0000000080000000, 0x0000000100000000)
  region size 1024K, 32 young (32768K), 8 survivors (8192K)
 Metaspace       used 58588K, capacity 60072K, committed 60240K, reserved 569344K
  class space    used 7469K, capacity 8087K, committed 8192K, reserved 516096K
}
Event: 82.094 GC heap after
{Heap after GC invocations=13 (full 0):
 garbage-first heap   total 157696K, used 43970K [0x0000000080000000, 0x0000000100000000)
  region size 1024K, 9 young (9216K), 9 survivors (9216K)
 Metaspace       used 58588K, capacity 60072K, committed 60240K, reserved 569344K
  class space    used 7469K, capacity 8087K, committed 8192K, reserved 516096K
}
Event: 85.632 GC heap before
{Heap before GC invocations=14 (full 0):
 garbage-first heap   total 157696K, used 119746K [0x0000000080000000, 0x0000000100000000)
  region size 1024K, 83 young (84992K), 9 survivors (9216K)
 Metaspace       used 65146K, capacity 66805K, committed 66896K, reserved 575488K
  class space    used 8448K, capacity 9162K, committed 9216K, reserved 516096K
}
Event: 85.659 GC heap after
{Heap after GC invocations=15 (full 0):
 garbage-first heap   total 157696K, used 46801K [0x0000000080000000, 0x0000000100000000)
  region size 1024K, 8 young (8192K), 8 survivors (8192K)
 Metaspace       used 65146K, capacity 66805K, committed 66896K, reserved 575488K
  class space    used 8448K, capacity 9162K, committed 9216K, reserved 516096K
}
Event: 88.570 GC heap before
{Heap before GC invocations=15 (full 0):
 garbage-first heap   total 157696K, used 123601K [0x0000000080000000, 0x0000000100000000)
  region size 1024K, 83 young (84992K), 8 survivors (8192K)
 Metaspace       used 70544K, capacity 72348K, committed 72528K, reserved 579584K
  class space    used 9136K, capacity 9866K, committed 9984K, reserved 516096K
}
Event: 88.596 GC heap after
{Heap after GC invocations=16 (full 0):
 garbage-first heap   total 157696K, used 47464K [0x0000000080000000, 0x0000000100000000)
  region size 1024K, 5 young (5120K), 5 survivors (5120K)
 Metaspace       used 70544K, capacity 72348K, committed 72528K, reserved 579584K
  class space    used 9136K, capacity 9866K, committed 9984K, reserved 516096K
}
Event: 92.439 GC heap before
{Heap before GC invocations=16 (full 0):
 garbage-first heap   total 157696K, used 125288K [0x0000000080000000, 0x0000000100000000)
  region size 1024K, 81 young (82944K), 5 survivors (5120K)
 Metaspace       used 74752K, capacity 76848K, committed 77008K, reserved 583680K
  class space    used 9717K, capacity 10604K, committed 10624K, reserved 516096K
}
Event: 92.459 GC heap after
{Heap after GC invocations=17 (full 0):
 garbage-first heap   total 157696K, used 52057K [0x0000000080000000, 0x0000000100000000)
  region size 1024K, 10 young (10240K), 10 survivors (10240K)
 Metaspace       used 74752K, capacity 76848K, committed 77008K, reserved 583680K
  class space    used 9717K, capacity 10604K, committed 10624K, reserved 516096K
}
Event: 96.532 GC heap before
{Heap before GC invocations=17 (full 0):
 garbage-first heap   total 157696K, used 129881K [0x0000000080000000, 0x0000000100000000)
  region size 1024K, 82 young (83968K), 10 survivors (10240K)
 Metaspace       used 77291K, capacity 79597K, committed 79696K, reserved 585728K
  class space    used 10022K, capacity 10981K, committed 11008K, reserved 516096K
}
Event: 96.566 GC heap after
{Heap after GC invocations=18 (full 0):
 garbage-first heap   total 157696K, used 63658K [0x0000000080000000, 0x0000000100000000)
  region size 1024K, 11 young (11264K), 11 survivors (11264K)
 Metaspace       used 77291K, capacity 79597K, committed 79696K, reserved 585728K
  class space    used 10022K, capacity 10981K, committed 11008K, reserved 516096K
}

